0 info it worked if it ends with ok
1 verbose cli [ '/Users/victorsanmartin/.nvm/versions/node/v4.4.4/bin/node',
1 verbose cli   '/Users/victorsanmartin/.nvm/versions/node/v4.4.4/bin/npm',
1 verbose cli   'run',
1 verbose cli   'deploy' ]
2 info using npm@2.15.1
3 info using node@v4.4.4
4 verbose run-script [ 'predeploy', 'deploy', 'postdeploy' ]
5 info predeploy victorsanmartin@1.0.0
6 info deploy victorsanmartin@1.0.0
7 verbose unsafe-perm in lifecycle true
8 info victorsanmartin@1.0.0 Failed to exec deploy script
9 verbose stack Error: victorsanmartin@1.0.0 deploy: `git add . && git commit -am "nueva radio" && git push && sh cleancache.sh`
9 verbose stack Exit status 1
9 verbose stack     at EventEmitter.<anonymous> (/Users/victorsanmartin/.nvm/versions/node/v4.4.4/lib/node_modules/npm/lib/utils/lifecycle.js:217:16)
9 verbose stack     at emitTwo (events.js:87:13)
9 verbose stack     at EventEmitter.emit (events.js:172:7)
9 verbose stack     at ChildProcess.<anonymous> (/Users/victorsanmartin/.nvm/versions/node/v4.4.4/lib/node_modules/npm/lib/utils/spawn.js:24:14)
9 verbose stack     at emitTwo (events.js:87:13)
9 verbose stack     at ChildProcess.emit (events.js:172:7)
9 verbose stack     at maybeClose (internal/child_process.js:827:16)
9 verbose stack     at Process.ChildProcess._handle.onexit (internal/child_process.js:211:5)
10 verbose pkgid victorsanmartin@1.0.0
11 verbose cwd /Applications/XAMPP/xamppfiles/htdocs/github/quest/quest.github.io
12 error Darwin 16.7.0
13 error argv "/Users/victorsanmartin/.nvm/versions/node/v4.4.4/bin/node" "/Users/victorsanmartin/.nvm/versions/node/v4.4.4/bin/npm" "run" "deploy"
14 error node v4.4.4
15 error npm  v2.15.1
16 error code ELIFECYCLE
17 error victorsanmartin@1.0.0 deploy: `git add . && git commit -am "nueva radio" && git push && sh cleancache.sh`
17 error Exit status 1
18 error Failed at the victorsanmartin@1.0.0 deploy script 'git add . && git commit -am "nueva radio" && git push && sh cleancache.sh'.
18 error This is most likely a problem with the victorsanmartin package,
18 error not with npm itself.
18 error Tell the author that this fails on your system:
18 error     git add . && git commit -am "nueva radio" && git push && sh cleancache.sh
18 error You can get information on how to open an issue for this project with:
18 error     npm bugs victorsanmartin
18 error Or if that isn't available, you can get their info via:
18 error
18 error     npm owner ls victorsanmartin
18 error There is likely additional logging output above.
19 verbose exit [ 1, true ]
